<?xml version="1.0" encoding="UTF-8"?>
<!-- Generated by org.testng.reporters.JUnitReportReporter -->
<testsuite skipped="0" hostname="jatin-X541UJ" name="Amazon.Amazon_signup" tests="1" failures="0" timestamp="04 Mar 2018 20:51:15 GMT" time="26.030" errors="0">
  <testcase name="Signup_Amazon" time="26.030" classname="Amazon.Amazon_signup"/>
</testsuite> <!-- Amazon.Amazon_signup -->
